<?xml version="1.0" encoding="UTF-8"?>
<!-- Generated by org.testng.reporters.JUnitXMLReporter -->
<testsuite ignored="0" hostname="INHCLH-LHL0590" failures="1" tests="2" name="Default test" time="0.201" errors="0" timestamp="2022-10-26T18:46:08 IST">
  <testcase classname="RahulshettyAcademy.Tests.webTestJson" name="submitOrder" time="0.0">
    <failure type="java.lang.RuntimeException" message="com.fasterxml.jackson.databind.JsonMappingException: Unexpected character (&amp;apos;,&amp;apos; (code 44)): was expecting a colon to separate field name and value
 at [Source: (String)&amp;quot;[
  {
\u0009  &amp;quot;email&amp;quot;: &amp;quot;anil.ponugoti@gmail.com&amp;quot;,
\u0009  &amp;quot;password&amp;quot;: &amp;quot;Authenticate123&amp;quot;
  },
  {
\u0009  &amp;quot;email&amp;quot;: &amp;quot;shetty@gmail.com&amp;quot;,
\u0009  &amp;quot;password&amp;quot;, &amp;quot;Iamking@000&amp;quot;
  }
]&amp;quot;; line: 8, column: 15] (through reference chain: java.util.ArrayList[1])">
      <![CDATA[java.lang.RuntimeException: com.fasterxml.jackson.databind.JsonMappingException: Unexpected character (',' (code 44)): was expecting a colon to separate field name and value
 at [Source: (String)"[
  {
\u0009  "email": "anil.ponugoti@gmail.com",
\u0009  "password": "Authenticate123"
  },
  {
\u0009  "email": "shetty@gmail.com",
\u0009  "password", "Iamking@000"
  }
]"; line: 8, column: 15] (through reference chain: java.util.ArrayList[1])
at org.testng.internal.invokers.MethodInvocationHelper.invokeMethodNoCheckedException(MethodInvocationHelper.java:57)
at org.testng.internal.invokers.MethodInvocationHelper.invokeDataProvider(MethodInvocationHelper.java:157)
at org.testng.internal.Parameters.handleParameters(Parameters.java:791)
at org.testng.internal.Parameters.handleParameters(Parameters.java:728)
at org.testng.internal.invokers.ParameterHandler.handleParameters(ParameterHandler.java:72)
at org.testng.internal.invokers.ParameterHandler.createParameters(ParameterHandler.java:51)
at org.testng.internal.invokers.TestInvoker$MethodInvocationAgent.invoke(TestInvoker.java:917)
at org.testng.internal.invokers.TestInvoker.invokeTestMethods(TestInvoker.java:194)
at org.testng.internal.invokers.TestMethodWorker.invokeTestMethods(TestMethodWorker.java:148)
at org.testng.internal.invokers.TestMethodWorker.run(TestMethodWorker.java:128)
at java.base/java.util.ArrayList.forEach(ArrayList.java:1511)
at org.testng.TestRunner.privateRun(TestRunner.java:806)
at org.testng.TestRunner.run(TestRunner.java:601)
at org.testng.SuiteRunner.runTest(SuiteRunner.java:433)
at org.testng.SuiteRunner.runSequentially(SuiteRunner.java:427)
at org.testng.SuiteRunner.privateRun(SuiteRunner.java:387)
at org.testng.SuiteRunner.run(SuiteRunner.java:330)
at org.testng.SuiteRunnerWorker.runSuite(SuiteRunnerWorker.java:52)
at org.testng.SuiteRunnerWorker.run(SuiteRunnerWorker.java:95)
at org.testng.TestNG.runSuitesSequentially(TestNG.java:1256)
at org.testng.TestNG.runSuitesLocally(TestNG.java:1176)
at org.testng.TestNG.runSuites(TestNG.java:1099)
at org.testng.TestNG.run(TestNG.java:1067)
at org.testng.remote.AbstractRemoteTestNG.run(AbstractRemoteTestNG.java:115)
at org.testng.remote.RemoteTestNG.initAndRun(RemoteTestNG.java:251)
at org.testng.remote.RemoteTestNG.main(RemoteTestNG.java:77)
Caused by: com.fasterxml.jackson.databind.JsonMappingException: Unexpected character (',' (code 44)): was expecting a colon to separate field name and value
 at [Source: (String)"[
  {
\u0009  "email": "anil.ponugoti@gmail.com",
\u0009  "password": "Authenticate123"
  },
  {
\u0009  "email": "shetty@gmail.com",
\u0009  "password", "Iamking@000"
  }
]"; line: 8, column: 15] (through reference chain: java.util.ArrayList[1])
at com.fasterxml.jackson.databind.JsonMappingException.wrapWithPath(JsonMappingException.java:392)
at com.fasterxml.jackson.databind.JsonMappingException.wrapWithPath(JsonMappingException.java:363)
at com.fasterxml.jackson.databind.deser.std.CollectionDeserializer._deserializeFromArray(CollectionDeserializer.java:371)
at com.fasterxml.jackson.databind.deser.std.CollectionDeserializer.deserialize(CollectionDeserializer.java:244)
at com.fasterxml.jackson.databind.deser.std.CollectionDeserializer.deserialize(CollectionDeserializer.java:28)
at com.fasterxml.jackson.databind.deser.DefaultDeserializationContext.readRootValue(DefaultDeserializationContext.java:323)
at com.fasterxml.jackson.databind.ObjectMapper._readMapAndClose(ObjectMapper.java:4674)
at com.fasterxml.jackson.databind.ObjectMapper.readValue(ObjectMapper.java:3629)
at com.fasterxml.jackson.databind.ObjectMapper.readValue(ObjectMapper.java:3612)
at RahulshettyAcademy.TestComponents.BaseTest.getJsonData(BaseTest.java:62)
at RahulshettyAcademy.Tests.webTestJson.getData(webTestJson.java:52)
at java.base/jdk.internal.reflect.NativeMethodAccessorImpl.invoke0(Native Method)
at java.base/jdk.internal.reflect.NativeMethodAccessorImpl.invoke(NativeMethodAccessorImpl.java:77)
at java.base/jdk.internal.reflect.DelegatingMethodAccessorImpl.invoke(DelegatingMethodAccessorImpl.java:43)
at java.base/java.lang.reflect.Method.invoke(Method.java:568)
at org.testng.internal.invokers.MethodInvocationHelper.invokeMethod(MethodInvocationHelper.java:139)
at org.testng.internal.invokers.MethodInvocationHelper.invokeMethod(MethodInvocationHelper.java:84)
at org.testng.internal.invokers.MethodInvocationHelper.invokeMethodNoCheckedException(MethodInvocationHelper.java:53)
... 25 more
Caused by: com.fasterxml.jackson.core.JsonParseException: Unexpected character (',' (code 44)): was expecting a colon to separate field name and value
 at [Source: (String)"[
  {
\u0009  "email": "anil.ponugoti@gmail.com",
\u0009  "password": "Authenticate123"
  },
  {
\u0009  "email": "shetty@gmail.com",
\u0009  "password", "Iamking@000"
  }
]"; line: 8, column: 15]
at com.fasterxml.jackson.core.JsonParser._constructError(JsonParser.java:2391)
at com.fasterxml.jackson.core.base.ParserMinimalBase._reportError(ParserMinimalBase.java:735)
at com.fasterxml.jackson.core.base.ParserMinimalBase._reportUnexpectedChar(ParserMinimalBase.java:659)
at com.fasterxml.jackson.core.json.ReaderBasedJsonParser._skipColon2(ReaderBasedJsonParser.java:2309)
at com.fasterxml.jackson.core.json.ReaderBasedJsonParser._skipColon(ReaderBasedJsonParser.java:2288)
at com.fasterxml.jackson.core.json.ReaderBasedJsonParser.nextFieldName(ReaderBasedJsonParser.java:965)
at com.fasterxml.jackson.databind.deser.std.MapDeserializer._readAndBindStringKeyMap(MapDeserializer.java:594)
at com.fasterxml.jackson.databind.deser.std.MapDeserializer.deserialize(MapDeserializer.java:437)
at com.fasterxml.jackson.databind.deser.std.MapDeserializer.deserialize(MapDeserializer.java:32)
at com.fasterxml.jackson.databind.deser.std.CollectionDeserializer._deserializeFromArray(CollectionDeserializer.java:355)
... 40 more
]]>
    </failure>
  </testcase> <!-- submitOrder -->
  <testcase classname="RahulshettyAcademy.Tests.webTestJson" name="validateOrdProductNames" time="0.0">
    <skipped/>
  </testcase> <!-- validateOrdProductNames -->
</testsuite> <!-- Default test -->
