<?xml version="1.0" encoding="UTF-8"?>
<!-- Generated by org.testng.reporters.JUnitXMLReporter -->
<testsuite ignored="0" hostname="INHCLH-LHL0590" failures="1" tests="3" name="Error Validations" time="16.665" errors="0" timestamp="2022-10-31T15:36:36 IST">
  <testcase classname="RahulshettyAcademy.Tests.validationCredTest" name="validateCartProducts" time="4.962"/>
  <testcase classname="RahulshettyAcademy.Tests.validationCredTest" name="validateCredentials" time="0.313">
    <skipped/>
  </testcase> <!-- validateCredentials -->
  <testcase classname="RahulshettyAcademy.Tests.validationCredTest" name="validateCredentials" time="0.318">
    <failure type="java.lang.AssertionError" message="expected [Incorrect email or password.] but found [Incorrect email r password.]">
      <![CDATA[java.lang.AssertionError: expected [Incorrect email or password.] but found [Incorrect email r password.]
at RahulshettyAcademy.Tests.validationCredTest.validateCredentials(validationCredTest.java:19)
at java.base/java.util.ArrayList.forEach(ArrayList.java:1541)
... Removed 37 stack frames]]>
    </failure>
  </testcase> <!-- validateCredentials -->
</testsuite> <!-- Error Validations -->
